
--- ROUND NO:1
Cei 3 muschetari                 -                           Winner
Mistretii Atomici                -                    Elixir Junior
Black swanstomici                -                    ElixiLegalize
Pufuletiinstomici                -                    ElixiLeSavage
Konfettiinstomici                -                   The Skyrynners
MO si F.O.C.Amici                -                   Shooting Stars
Defending Champsi                -               The Abusement Park
Chunky Monkeespsi                -               TChafing the Dream
Ibuprofen and Ben Gay            -               TChafiThe Big Egos
Vandelay Industriesay            -               TChThe Waiver Wire


WINNERS OF ROUND NO:0
--- ROUND NO:2
The Waiver Wire                  -                     The Big Egos
Chunky Monkeese                  -               The Abusement Park
MO si F.O.C.Ase                  -               The AbusemKonfetti
Pufuletii.C.Ase                  -               The AbuBlack swans
Mistretii Atomici                -               The AbuBlackWinner


WINNERS OF ROUND NO:1
--- ROUND NO:3
Winner                           -                      Black swans
MO si F.O.C.A                    -               The Abusement Park
The Big EgosA                    -               The Abusement Park


WINNERS OF ROUND NO:2
--- ROUND NO:4
                                 -               The Abusement Park
Winner                           -               The Abusement Park


WINNERS OF ROUND NO:3
