The Waiver Wire
The Big Egos
Chafing the Dream
Chunky Monkees
The Abusement Park
Defending Champs
Shooting Stars
MO si F.O.C.A
The Skyrynners
Konfetti
Savage
Pufuletii
Legalize
Black swans
Elixir Junior
Mistretii Atomici
Winner
Cei 3 muschetari
0% ANGELS 
ALIGATORS 
AMERICAN BABES
ANACONDAS
ANTEATERS
ASH KICKERS
AVALANCHE
FALCONS
FIGHTING IRISH 
FIRE ANTS
FIRE STRIKERS
FIRE CRACKERS
FLAMING TIGERS
FLAME BOYS
FLASH
FLYING DRAGONS
FUGITIVES
MAD DOGS
MANARCHS
MAROON MADNESS
MEAN GREEN ALIENS
MERCENARIES
MIDNIGHT RAIDERS
MIGHTY DUCKS
MIGHTY PANTHERS
MIGHTY STINGRAYS
MIND TRIP
MONEY
MUTINY
SCORPIONS
SHARKS
SILVER BUTTERFLIES
SILVER STRIKE
SLICK CHICS
SNOW DEVILS
SOCCER DIVAS
SPACE BABES
SPEEDY TURTLES
STAR SHOOTERS
STINGRAYS
SUGER BEES
SUPER POWER GIRLS
SWEETHEARTS
TEAL TITANS
TERMINATORS
TIMBERWOLVES
